<?xml version="1.0" encoding="UTF-8"?>
<testsuite xmlns:xsi="http://www.w3.org/2001/XMLSchema-instance" xsi:noNamespaceSchemaLocation="https://maven.apache.org/surefire/maven-surefire-plugin/xsd/surefire-test-report-3.0.xsd" version="3.0" name="WeightedAverageCalculatorTest" time="0.951" tests="5" errors="0" skipped="0" failures="0">
  <properties>
    <property name="java.specification.version" value="21"/>
    <property name="sun.jnu.encoding" value="UTF-8"/>
    <property name="java.class.path" value="/workspaces/weighted_average_testing/target/test-classes:/workspaces/weighted_average_testing/target/classes:/home/codespace/.m2/repository/org/junit/jupiter/junit-jupiter/5.10.2/junit-jupiter-5.10.2.jar:/home/codespace/.m2/repository/org/junit/jupiter/junit-jupiter-api/5.10.2/junit-jupiter-api-5.10.2.jar:/home/codespace/.m2/repository/org/opentest4j/opentest4j/1.3.0/opentest4j-1.3.0.jar:/home/codespace/.m2/repository/org/junit/platform/junit-platform-commons/1.10.2/junit-platform-commons-1.10.2.jar:/home/codespace/.m2/repository/org/junit/jupiter/junit-jupiter-params/5.10.2/junit-jupiter-params-5.10.2.jar:/home/codespace/.m2/repository/org/junit/jupiter/junit-jupiter-engine/5.10.2/junit-jupiter-engine-5.10.2.jar:/home/codespace/.m2/repository/org/junit/platform/junit-platform-engine/1.10.2/junit-platform-engine-1.10.2.jar:/home/codespace/.m2/repository/net/jqwik/jqwik/1.8.2/jqwik-1.8.2.jar:/home/codespace/.m2/repository/org/apiguardian/apiguardian-api/1.1.2/apiguardian-api-1.1.2.jar:/home/codespace/.m2/repository/net/jqwik/jqwik-api/1.8.2/jqwik-api-1.8.2.jar:/home/codespace/.m2/repository/net/jqwik/jqwik-web/1.8.2/jqwik-web-1.8.2.jar:/home/codespace/.m2/repository/net/jqwik/jqwik-time/1.8.2/jqwik-time-1.8.2.jar:/home/codespace/.m2/repository/net/jqwik/jqwik-engine/1.8.2/jqwik-engine-1.8.2.jar:"/>
    <property name="java.vm.vendor" value="Oracle Corporation"/>
    <property name="sun.arch.data.model" value="64"/>
    <property name="java.vendor.url" value="https://java.oracle.com/"/>
    <property name="user.timezone" value="Etc/UTC"/>
    <property name="os.name" value="Linux"/>
    <property name="java.vm.specification.version" value="21"/>
    <property name="sun.java.launcher" value="SUN_STANDARD"/>
    <property name="sun.boot.library.path" value="/usr/local/sdkman/candidates/java/21.0.2-open/lib"/>
    <property name="sun.java.command" value="/workspaces/weighted_average_testing/target/surefire/surefirebooter-20251002230053652_3.jar /workspaces/weighted_average_testing/target/surefire 2025-10-02T23-00-53_521-jvmRun1 surefire-20251002230053652_1tmp surefire_0-20251002230053652_2tmp"/>
    <property name="jdk.debug" value="release"/>
    <property name="surefire.test.class.path" value="/workspaces/weighted_average_testing/target/test-classes:/workspaces/weighted_average_testing/target/classes:/home/codespace/.m2/repository/org/junit/jupiter/junit-jupiter/5.10.2/junit-jupiter-5.10.2.jar:/home/codespace/.m2/repository/org/junit/jupiter/junit-jupiter-api/5.10.2/junit-jupiter-api-5.10.2.jar:/home/codespace/.m2/repository/org/opentest4j/opentest4j/1.3.0/opentest4j-1.3.0.jar:/home/codespace/.m2/repository/org/junit/platform/junit-platform-commons/1.10.2/junit-platform-commons-1.10.2.jar:/home/codespace/.m2/repository/org/junit/jupiter/junit-jupiter-params/5.10.2/junit-jupiter-params-5.10.2.jar:/home/codespace/.m2/repository/org/junit/jupiter/junit-jupiter-engine/5.10.2/junit-jupiter-engine-5.10.2.jar:/home/codespace/.m2/repository/org/junit/platform/junit-platform-engine/1.10.2/junit-platform-engine-1.10.2.jar:/home/codespace/.m2/repository/net/jqwik/jqwik/1.8.2/jqwik-1.8.2.jar:/home/codespace/.m2/repository/org/apiguardian/apiguardian-api/1.1.2/apiguardian-api-1.1.2.jar:/home/codespace/.m2/repository/net/jqwik/jqwik-api/1.8.2/jqwik-api-1.8.2.jar:/home/codespace/.m2/repository/net/jqwik/jqwik-web/1.8.2/jqwik-web-1.8.2.jar:/home/codespace/.m2/repository/net/jqwik/jqwik-time/1.8.2/jqwik-time-1.8.2.jar:/home/codespace/.m2/repository/net/jqwik/jqwik-engine/1.8.2/jqwik-engine-1.8.2.jar:"/>
    <property name="sun.cpu.endian" value="little"/>
    <property name="user.home" value="/home/codespace"/>
    <property name="user.language" value="en"/>
    <property name="java.specification.vendor" value="Oracle Corporation"/>
    <property name="java.version.date" value="2024-01-16"/>
    <property name="java.home" value="/usr/local/sdkman/candidates/java/21.0.2-open"/>
    <property name="file.separator" value="/"/>
    <property name="basedir" value="/workspaces/weighted_average_testing"/>
    <property name="java.vm.compressedOopsMode" value="32-bit"/>
    <property name="line.separator" value="&#10;"/>
    <property name="java.specification.name" value="Java Platform API Specification"/>
    <property name="java.vm.specification.vendor" value="Oracle Corporation"/>
    <property name="surefire.real.class.path" value="/workspaces/weighted_average_testing/target/surefire/surefirebooter-20251002230053652_3.jar"/>
    <property name="sun.management.compiler" value="HotSpot 64-Bit Tiered Compilers"/>
    <property name="java.runtime.version" value="21.0.2+13-58"/>
    <property name="user.name" value="codespace"/>
    <property name="stdout.encoding" value="UTF-8"/>
    <property name="path.separator" value=":"/>
    <property name="os.version" value="6.8.0-1030-azure"/>
    <property name="java.runtime.name" value="OpenJDK Runtime Environment"/>
    <property name="file.encoding" value="UTF-8"/>
    <property name="java.vm.name" value="OpenJDK 64-Bit Server VM"/>
    <property name="localRepository" value="/home/codespace/.m2/repository"/>
    <property name="java.vendor.url.bug" value="https://bugreport.java.com/bugreport/"/>
    <property name="java.io.tmpdir" value="/tmp"/>
    <property name="java.version" value="21.0.2"/>
    <property name="user.dir" value="/workspaces/weighted_average_testing"/>
    <property name="os.arch" value="amd64"/>
    <property name="java.vm.specification.name" value="Java Virtual Machine Specification"/>
    <property name="native.encoding" value="UTF-8"/>
    <property name="java.library.path" value="/usr/java/packages/lib:/usr/lib64:/lib64:/lib:/usr/lib"/>
    <property name="java.vm.info" value="mixed mode, sharing"/>
    <property name="stderr.encoding" value="UTF-8"/>
    <property name="java.vendor" value="Oracle Corporation"/>
    <property name="java.vm.version" value="21.0.2+13-58"/>
    <property name="sun.io.unicode.encoding" value="UnicodeLittle"/>
    <property name="java.class.version" value="65.0"/>
  </properties>
  <testcase name="calculateWeightedAverageWithInts_withIntegerValuesAndWeights_worksCorrectly" classname="WeightedAverageCalculatorTest" time="0.041"/>
  <testcase name="calculateWeightedAverage_negativeWeights_throwsException" classname="WeightedAverageCalculatorTest" time="0.005"/>
  <testcase name="calculateWeightedAverage_nullLists_throwsException" classname="WeightedAverageCalculatorTest" time="0.002"/>
  <testcase name="calculateWeightedAverage_differentSizeLists_throwsException" classname="WeightedAverageCalculatorTest" time="0.028"/>
  <testcase name="calculateWeightedAverage_basicCase_returnsCorrectValue" classname="WeightedAverageCalculatorTest" time="0.001"/>
  <testcase name="calculateWeightedAverageWithIntValues_withIntegerValues_worksCorrectly" classname="WeightedAverageCalculatorTest" time="0.004"/>
  <testcase name="calculateWeightedAverage_withInfiniteValues_throwsException" classname="WeightedAverageCalculatorTest" time="0.001"/>
  <testcase name="calculateWeightedAverage_singleElement_returnsTheValue" classname="WeightedAverageCalculatorTest" time="0.003"/>
  <testcase name="calculateWeightedAverage_equalWeights_returnsRegularAverage" classname="WeightedAverageCalculatorTest" time="0.002"/>
  <testcase name="calculateWeightedAverage_emptyLists_throwsException" classname="WeightedAverageCalculatorTest" time="0.002"/>
  <testcase name="calculateWeightedAverageWithIntWeights_withIntegerWeights_worksCorrectly" classname="WeightedAverageCalculatorTest" time="0.002"/>
  <testcase name="calculateWeightedAverage_withNaNValues_throwsException" classname="WeightedAverageCalculatorTest" time="0.002"/>
  <testcase name="calculateWeightedAverage_zeroWeights_throwsException" classname="WeightedAverageCalculatorTest" time="0.002"/>
  <testcase name="singleElementListReturnsThatElement" classname="WeightedAverageCalculatorTest" time="0.52">
    <system-out><![CDATA[timestamp = 2025-10-02T23:00:56.331083048, WeightedAverageCalculatorTest:singleElementListReturnsThatElement = 
                              |-----------------------jqwik-----------------------
tries = 100                   | # of calls to property
checks = 100                  | # of not rejected calls
generation = RANDOMIZED       | parameters are randomly generated
after-failure = SAMPLE_FIRST  | try previously failed sample, then previous seed
when-fixed-seed = ALLOW       | fixing the random seed is allowed
edge-cases#mode = MIXIN       | edge cases are mixed in
edge-cases#total = 21         | # of all combined edge cases
edge-cases#tried = 20         | # of edge cases tried in current run
seed = -2032661538793085449   | random seed to reproduce generated values


]]></system-out>
  </testcase>
  <testcase name="scalingWeightsDoesNotChangeResult" classname="WeightedAverageCalculatorTest" time="0.162">
    <system-out><![CDATA[timestamp = 2025-10-02T23:00:56.506576916, WeightedAverageCalculatorTest:scalingWeightsDoesNotChangeResult = 
                              |-----------------------jqwik-----------------------
tries = 100                   | # of calls to property
checks = 100                  | # of not rejected calls
generation = RANDOMIZED       | parameters are randomly generated
after-failure = SAMPLE_FIRST  | try previously failed sample, then previous seed
when-fixed-seed = ALLOW       | fixing the random seed is allowed
edge-cases#mode = MIXIN       | edge cases are mixed in
edge-cases#total = 63         | # of all combined edge cases
edge-cases#tried = 17         | # of edge cases tried in current run
seed = 2009569730466671276    | random seed to reproduce generated values


]]></system-out>
  </testcase>
  <testcase name="weightedAverageWithEqualWeightsEqualsRegularAverage" classname="WeightedAverageCalculatorTest" time="0.068">
    <system-out><![CDATA[timestamp = 2025-10-02T23:00:56.577816831, WeightedAverageCalculatorTest:weightedAverageWithEqualWeightsEqualsRegularAverage = 
                              |-----------------------jqwik-----------------------
tries = 100                   | # of calls to property
checks = 100                  | # of not rejected calls
generation = RANDOMIZED       | parameters are randomly generated
after-failure = SAMPLE_FIRST  | try previously failed sample, then previous seed
when-fixed-seed = ALLOW       | fixing the random seed is allowed
edge-cases#mode = MIXIN       | edge cases are mixed in
edge-cases#total = 7          | # of all combined edge cases
edge-cases#tried = 7          | # of edge cases tried in current run
seed = 6166979389482256881    | random seed to reproduce generated values


]]></system-out>
  </testcase>
  <testcase name="weightedAverageRespectsWeightImportance" classname="WeightedAverageCalculatorTest" time="0.077">
    <system-out><![CDATA[timestamp = 2025-10-02T23:00:56.657031850, WeightedAverageCalculatorTest:weightedAverageRespectsWeightImportance = 
                              |-----------------------jqwik-----------------------
tries = 100                   | # of calls to property
checks = 100                  | # of not rejected calls
generation = RANDOMIZED       | parameters are randomly generated
after-failure = SAMPLE_FIRST  | try previously failed sample, then previous seed
when-fixed-seed = ALLOW       | fixing the random seed is allowed
edge-cases#mode = MIXIN       | edge cases are mixed in
edge-cases#total = 21         | # of all combined edge cases
edge-cases#tried = 13         | # of edge cases tried in current run
seed = 5365452611949963875    | random seed to reproduce generated values


]]></system-out>
  </testcase>
  <testcase name="weightedAverageShouldBeBetweenMinAndMax" classname="WeightedAverageCalculatorTest" time="0.072">
    <system-out><![CDATA[timestamp = 2025-10-02T23:00:56.729385942, WeightedAverageCalculatorTest:weightedAverageShouldBeBetweenMinAndMax = 
                              |-----------------------jqwik-----------------------
tries = 100                   | # of calls to property
checks = 100                  | # of not rejected calls
generation = RANDOMIZED       | parameters are randomly generated
after-failure = SAMPLE_FIRST  | try previously failed sample, then previous seed
when-fixed-seed = ALLOW       | fixing the random seed is allowed
edge-cases#mode = MIXIN       | edge cases are mixed in
edge-cases#total = 21         | # of all combined edge cases
edge-cases#tried = 14         | # of edge cases tried in current run
seed = -3258299171743020978   | random seed to reproduce generated values


]]></system-out>
  </testcase>
</testsuite>